Loaded module: binutils/2.34
Loaded module: gcc/8.4.0
Loaded dependency [python3/3.9.11]: gcc/10.3.0-binutils-2.36.1
Loaded module: python3/3.9.11

Loading python3/3.9.11
  Loading requirement: gcc/10.3.0-binutils-2.36.1
INFO - decomposition-flows-images - Running command 'main'
INFO - decomposition-flows-images - Started run with ID "cifar-10-fast-5-bit-1"
INFO - main - Training dataset size: 49500
INFO - main - Validation dataset size: 500
INFO - main - Image dimensions: 3x32x32
INFO - create_flow - There are 5333538 trainable parameters in this model.
INFO - train_flow - Starting training...
/zhome/ec/4/153964/.local/lib/python3.9/site-packages/torch/optim/lr_scheduler.py:508: UserWarning: To get the last learning rate computed by the scheduler, please use `get_last_lr()`.
  warnings.warn("To get the last learning rate computed by the scheduler, "
INFO - train_flow - It: 0/1000 loss: 6.509 [00:00<..., 0.00it/s]
INFO - train_flow - It: 10/1000 loss: 8.355 [00:07<12:55, 1.28it/s]
INFO - train_flow - It: 20/1000 loss: 6.382 [00:14<11:41, 1.40it/s]
INFO - train_flow - It: 30/1000 loss: 5.255 [00:20<11:13, 1.44it/s]
INFO - train_flow - It: 40/1000 loss: 4.503 [00:27<10:55, 1.46it/s]
INFO - train_flow - It: 50/1000 loss: 4.169 [00:33<10:42, 1.48it/s]
INFO - train_flow - It: 60/1000 loss: 3.857 [00:40<10:32, 1.49it/s]
INFO - train_flow - It: 70/1000 loss: 4.266 [00:46<10:22, 1.49it/s]
INFO - train_flow - It: 80/1000 loss: 4.458 [00:53<10:14, 1.50it/s]
INFO - train_flow - It: 90/1000 loss: 4.031 [00:59<10:05, 1.50it/s]
INFO - train_flow - It: 100/1000 loss: 3.568 [01:13<10:58, 1.37it/s]
INFO - train_flow - It: 110/1000 loss: 3.300 [01:19<10:44, 1.38it/s]
INFO - train_flow - It: 120/1000 loss: 3.156 [01:26<10:31, 1.39it/s]
INFO - train_flow - It: 130/1000 loss: 2.961 [01:32<10:20, 1.40it/s]
INFO - train_flow - It: 140/1000 loss: 2.840 [01:39<10:09, 1.41it/s]
INFO - train_flow - It: 150/1000 loss: 2.752 [01:45<09:59, 1.42it/s]
INFO - train_flow - It: 160/1000 loss: 2.758 [01:52<09:49, 1.42it/s]
INFO - train_flow - It: 170/1000 loss: 2.679 [01:58<09:40, 1.43it/s]
INFO - train_flow - It: 180/1000 loss: 2.591 [02:05<09:30, 1.44it/s]
INFO - train_flow - It: 190/1000 loss: 2.507 [02:11<09:22, 1.44it/s]
INFO - train_flow - It: 200/1000 loss: 2.617 [02:25<09:40, 1.38it/s]
INFO - train_flow - It: 210/1000 loss: 2.492 [02:31<09:30, 1.38it/s]
INFO - train_flow - It: 220/1000 loss: 2.546 [02:38<09:21, 1.39it/s]
INFO - train_flow - It: 230/1000 loss: 2.589 [02:44<09:11, 1.40it/s]
INFO - train_flow - It: 240/1000 loss: 2.490 [02:51<09:02, 1.40it/s]
INFO - train_flow - It: 250/1000 loss: 2.814 [02:57<08:53, 1.41it/s]
INFO - train_flow - It: 260/1000 loss: 2.652 [03:05<08:46, 1.41it/s]
INFO - train_flow - It: 270/1000 loss: 2.653 [03:11<08:37, 1.41it/s]
INFO - train_flow - It: 280/1000 loss: 2.493 [03:18<08:29, 1.41it/s]
INFO - train_flow - It: 290/1000 loss: 2.485 [03:24<08:20, 1.42it/s]
INFO - train_flow - It: 300/1000 loss: 2.383 [03:37<08:27, 1.38it/s]
INFO - train_flow - It: 310/1000 loss: 2.317 [03:44<08:18, 1.38it/s]
INFO - train_flow - It: 320/1000 loss: 2.318 [03:50<08:10, 1.39it/s]
INFO - train_flow - It: 330/1000 loss: 2.287 [03:57<08:01, 1.39it/s]
INFO - train_flow - It: 340/1000 loss: 2.330 [04:03<07:53, 1.40it/s]
INFO - train_flow - It: 350/1000 loss: 2.322 [04:10<07:44, 1.40it/s]
INFO - train_flow - It: 360/1000 loss: 2.305 [04:16<07:36, 1.40it/s]
INFO - train_flow - It: 370/1000 loss: 2.260 [04:23<07:28, 1.41it/s]
INFO - train_flow - It: 380/1000 loss: 2.218 [04:29<07:20, 1.41it/s]
INFO - train_flow - It: 390/1000 loss: 2.242 [04:42<07:22, 1.38it/s]
INFO - train_flow - It: 400/1000 loss: 2.171 [04:49<07:13, 1.38it/s]
INFO - train_flow - It: 410/1000 loss: 2.191 [04:55<07:05, 1.39it/s]
INFO - train_flow - It: 420/1000 loss: 2.178 [05:02<06:57, 1.39it/s]
INFO - train_flow - It: 430/1000 loss: 2.157 [05:08<06:49, 1.39it/s]
INFO - train_flow - It: 440/1000 loss: 2.151 [05:15<06:41, 1.40it/s]
INFO - train_flow - It: 450/1000 loss: 2.167 [05:21<06:33, 1.40it/s]
INFO - train_flow - It: 460/1000 loss: 2.149 [05:28<06:25, 1.40it/s]
INFO - train_flow - It: 470/1000 loss: 2.132 [05:34<06:17, 1.40it/s]
INFO - train_flow - It: 480/1000 loss: 2.152 [05:41<06:09, 1.41it/s]
INFO - train_flow - It: 490/1000 loss: 2.135 [05:54<06:08, 1.38it/s]
INFO - train_flow - It: 500/1000 loss: 2.123 [06:00<06:00, 1.39it/s]
INFO - train_flow - It: 500/1000 val_log_prob: -2.106
INFO - train_flow - It: 500/1000 best val_log_prob improved, saved flow_best.pt
INFO - train_flow - It: 500/1000 saved optimizer_last.pt and flow_last.pt
INFO - train_flow - It: 510/1000 loss: 2.118 [06:16<06:01, 1.36it/s]
INFO - train_flow - It: 520/1000 loss: 2.088 [06:22<05:53, 1.36it/s]
INFO - train_flow - It: 530/1000 loss: 2.084 [06:29<05:45, 1.36it/s]
INFO - train_flow - It: 540/1000 loss: 2.086 [06:35<05:37, 1.36it/s]
INFO - train_flow - It: 550/1000 loss: 2.109 [06:42<05:29, 1.37it/s]
INFO - train_flow - It: 560/1000 loss: 2.112 [06:48<05:21, 1.37it/s]
INFO - train_flow - It: 570/1000 loss: 2.089 [06:55<05:13, 1.37it/s]
INFO - train_flow - It: 580/1000 loss: 2.076 [07:01<05:05, 1.37it/s]
INFO - train_flow - It: 590/1000 loss: 2.082 [07:15<05:02, 1.36it/s]
INFO - train_flow - It: 600/1000 loss: 2.079 [07:21<04:54, 1.36it/s]
INFO - train_flow - It: 610/1000 loss: 2.069 [07:28<04:46, 1.36it/s]
INFO - train_flow - It: 620/1000 loss: 2.084 [07:34<04:38, 1.36it/s]
INFO - train_flow - It: 630/1000 loss: 2.075 [07:41<04:31, 1.37it/s]
INFO - train_flow - It: 640/1000 loss: 2.073 [07:48<04:23, 1.37it/s]
INFO - train_flow - It: 650/1000 loss: 2.069 [07:54<04:15, 1.37it/s]
INFO - train_flow - It: 660/1000 loss: 2.048 [08:01<04:07, 1.37it/s]
INFO - train_flow - It: 670/1000 loss: 2.052 [08:07<04:00, 1.37it/s]
INFO - train_flow - It: 680/1000 loss: 2.054 [08:20<03:55, 1.36it/s]
INFO - train_flow - It: 690/1000 loss: 2.045 [08:27<03:47, 1.36it/s]
INFO - train_flow - It: 700/1000 loss: 2.069 [08:34<03:40, 1.36it/s]
INFO - train_flow - It: 710/1000 loss: 2.063 [08:40<03:32, 1.36it/s]
INFO - train_flow - It: 720/1000 loss: 2.049 [08:47<03:24, 1.37it/s]
INFO - train_flow - It: 730/1000 loss: 2.061 [08:53<03:17, 1.37it/s]
INFO - train_flow - It: 740/1000 loss: 2.048 [09:00<03:09, 1.37it/s]
INFO - train_flow - It: 750/1000 loss: 2.038 [09:06<03:02, 1.37it/s]
INFO - train_flow - It: 760/1000 loss: 2.048 [09:13<02:54, 1.37it/s]
INFO - train_flow - It: 770/1000 loss: 2.032 [09:20<02:47, 1.37it/s]
INFO - train_flow - It: 780/1000 loss: 2.041 [09:33<02:41, 1.36it/s]
INFO - train_flow - It: 790/1000 loss: 2.014 [09:40<02:34, 1.36it/s]
INFO - train_flow - It: 800/1000 loss: 2.031 [09:46<02:26, 1.36it/s]
INFO - train_flow - It: 810/1000 loss: 2.047 [09:53<02:19, 1.37it/s]
INFO - train_flow - It: 820/1000 loss: 2.038 [09:59<02:11, 1.37it/s]
INFO - train_flow - It: 830/1000 loss: 2.037 [10:06<02:04, 1.37it/s]
INFO - train_flow - It: 840/1000 loss: 2.037 [10:12<01:56, 1.37it/s]
INFO - train_flow - It: 850/1000 loss: 2.026 [10:19<01:49, 1.37it/s]
INFO - train_flow - It: 860/1000 loss: 2.027 [10:26<01:41, 1.37it/s]
INFO - train_flow - It: 870/1000 loss: 2.019 [10:32<01:34, 1.38it/s]
INFO - train_flow - It: 880/1000 loss: 2.030 [10:45<01:28, 1.36it/s]
INFO - train_flow - It: 890/1000 loss: 2.012 [10:52<01:20, 1.37it/s]
INFO - train_flow - It: 900/1000 loss: 2.022 [10:58<01:13, 1.37it/s]
INFO - train_flow - It: 910/1000 loss: 2.012 [11:05<01:05, 1.37it/s]
INFO - train_flow - It: 920/1000 loss: 2.013 [11:11<00:58, 1.37it/s]
INFO - train_flow - It: 930/1000 loss: 2.034 [11:18<00:51, 1.37it/s]
INFO - train_flow - It: 940/1000 loss: 2.020 [11:24<00:43, 1.37it/s]
INFO - train_flow - It: 950/1000 loss: 2.027 [11:31<00:36, 1.37it/s]
INFO - train_flow - It: 960/1000 loss: 2.034 [11:37<00:29, 1.38it/s]
INFO - train_flow - It: 970/1000 loss: 2.031 [11:50<00:21, 1.36it/s]
INFO - train_flow - It: 980/1000 loss: 2.029 [11:57<00:14, 1.37it/s]
INFO - train_flow - It: 990/1000 loss: 2.025 [12:03<00:07, 1.37it/s]
INFO - train_flow - It: 999/1000 saved optimizer_last.pt and flow_last.pt
INFO - decomposition-flows-images - Completed after 0:12:40
Loaded module: cuda/11.6
