Files already downloaded and verified
Using /zhome/ec/4/153964/.cache/torch_extensions as PyTorch extensions root...
Emitting ninja build file /zhome/ec/4/153964/.cache/torch_extensions/cpab_cpu/build.ninja...
Building extension module cpab_cpu...
Allowing ninja to set a default number of workers... (overridable by setting the environment variable MAX_JOBS=N)
ninja: no work to do.
Loading extension module cpab_cpu...
======================================================================
succesfully compiled cpu source
======================================================================
Using /zhome/ec/4/153964/.cache/torch_extensions as PyTorch extensions root...
Detected CUDA files, patching ldflags
Emitting ninja build file /zhome/ec/4/153964/.cache/torch_extensions/cpab_gpu/build.ninja...
Building extension module cpab_gpu...
Allowing ninja to set a default number of workers... (overridable by setting the environment variable MAX_JOBS=N)
ninja: no work to do.
Loading extension module cpab_gpu...
======================================================================
succesfully compiled gpu source
======================================================================
