Files already downloaded and verified
Using /zhome/ec/4/153964/.cache/torch_extensions as PyTorch extensions root...
Emitting ninja build file /zhome/ec/4/153964/.cache/torch_extensions/cpab_cpu/build.ninja...
Building extension module cpab_cpu...
Allowing ninja to set a default number of workers... (overridable by setting the environment variable MAX_JOBS=N)
ninja: no work to do.
Loading extension module cpab_cpu...
======================================================================
succesfully compiled cpu source
======================================================================
Using /zhome/ec/4/153964/.cache/torch_extensions as PyTorch extensions root...
Detected CUDA files, patching ldflags
Emitting ninja build file /zhome/ec/4/153964/.cache/torch_extensions/cpab_gpu/build.ninja...
Building extension module cpab_gpu...
Allowing ninja to set a default number of workers... (overridable by setting the environment variable MAX_JOBS=N)
[1/3] /appl/cuda/11.6.0/bin/nvcc  -DTORCH_EXTENSION_NAME=cpab_gpu -DTORCH_API_INCLUDE_EXTENSION_H -DPYBIND11_COMPILER_TYPE=\"_gcc\" -DPYBIND11_STDLIB=\"_libstdcpp\" -DPYBIND11_BUILD_ABI=\"_cxxabi1011\" -isystem /zhome/ec/4/153964/.local/lib/python3.9/site-packages/torch/include -isystem /zhome/ec/4/153964/.local/lib/python3.9/site-packages/torch/include/torch/csrc/api/include -isystem /zhome/ec/4/153964/.local/lib/python3.9/site-packages/torch/include/TH -isystem /zhome/ec/4/153964/.local/lib/python3.9/site-packages/torch/include/THC -isystem /appl/cuda/11.6.0/include -isystem /appl/python/3.9.11/include/python3.9 -D_GLIBCXX_USE_CXX11_ABI=0 -D__CUDA_NO_HALF_OPERATORS__ -D__CUDA_NO_HALF_CONVERSIONS__ -D__CUDA_NO_BFLOAT16_CONVERSIONS__ -D__CUDA_NO_HALF2_OPERATORS__ --expt-relaxed-constexpr -gencode=arch=compute_80,code=compute_80 -gencode=arch=compute_80,code=sm_80 --compiler-options '-fPIC' -std=c++14 -c /zhome/ec/4/153964/.local/lib/python3.9/site-packages/difw/core/cpab_ops.cu -o cpab_ops.cuda.o 
[2/3] /appl/cuda/11.6.0/bin/nvcc  -DTORCH_EXTENSION_NAME=cpab_gpu -DTORCH_API_INCLUDE_EXTENSION_H -DPYBIND11_COMPILER_TYPE=\"_gcc\" -DPYBIND11_STDLIB=\"_libstdcpp\" -DPYBIND11_BUILD_ABI=\"_cxxabi1011\" -isystem /zhome/ec/4/153964/.local/lib/python3.9/site-packages/torch/include -isystem /zhome/ec/4/153964/.local/lib/python3.9/site-packages/torch/include/torch/csrc/api/include -isystem /zhome/ec/4/153964/.local/lib/python3.9/site-packages/torch/include/TH -isystem /zhome/ec/4/153964/.local/lib/python3.9/site-packages/torch/include/THC -isystem /appl/cuda/11.6.0/include -isystem /appl/python/3.9.11/include/python3.9 -D_GLIBCXX_USE_CXX11_ABI=0 -D__CUDA_NO_HALF_OPERATORS__ -D__CUDA_NO_HALF_CONVERSIONS__ -D__CUDA_NO_BFLOAT16_CONVERSIONS__ -D__CUDA_NO_HALF2_OPERATORS__ --expt-relaxed-constexpr -gencode=arch=compute_80,code=compute_80 -gencode=arch=compute_80,code=sm_80 --compiler-options '-fPIC' -std=c++14 -c /zhome/ec/4/153964/.local/lib/python3.9/site-packages/difw/backend/pytorch/transformer_cuda.cu -o transformer_cuda.cuda.o 
[3/3] c++ transformer_cuda.o transformer_cuda.cuda.o cpab_ops.cuda.o -shared -L/zhome/ec/4/153964/.local/lib/python3.9/site-packages/torch/lib -lc10 -lc10_cuda -ltorch_cpu -ltorch_cuda_cu -ltorch_cuda_cpp -ltorch -ltorch_python -L/appl/cuda/11.6.0/lib64 -lcudart -o cpab_gpu.so
Loading extension module cpab_gpu...
======================================================================
succesfully compiled gpu source
======================================================================
