Files already downloaded and verified
Using /zhome/ec/4/153964/.cache/torch_extensions as PyTorch extensions root...
Emitting ninja build file /zhome/ec/4/153964/.cache/torch_extensions/cpab_cpu/build.ninja...
Building extension module cpab_cpu...
Allowing ninja to set a default number of workers... (overridable by setting the environment variable MAX_JOBS=N)
ninja: no work to do.
Loading extension module cpab_cpu...
======================================================================
succesfully compiled cpu source
======================================================================
Using /zhome/ec/4/153964/.cache/torch_extensions as PyTorch extensions root...
Detected CUDA files, patching ldflags
Emitting ninja build file /zhome/ec/4/153964/.cache/torch_extensions/cpab_gpu/build.ninja...
Building extension module cpab_gpu...
Allowing ninja to set a default number of workers... (overridable by setting the environment variable MAX_JOBS=N)
[1/3] /appl/cuda/11.6.0/bin/nvcc  -DTORCH_EXTENSION_NAME=cpab_gpu -DTORCH_API_INCLUDE_EXTENSION_H -DPYBIND11_COMPILER_TYPE=\"_gcc\" -DPYBIND11_STDLIB=\"_libstdcpp\" -DPYBIND11_BUILD_ABI=\"_cxxabi1011\" -isystem /zhome/ec/4/153964/.local/lib/python3.9/site-packages/torch/include -isystem /zhome/ec/4/153964/.local/lib/python3.9/site-packages/torch/include/torch/csrc/api/include -isystem /zhome/ec/4/153964/.local/lib/python3.9/site-packages/torch/include/TH -isystem /zhome/ec/4/153964/.local/lib/python3.9/site-packages/torch/include/THC -isystem /appl/cuda/11.6.0/include -isystem /appl/python/3.9.11/include/python3.9 -D_GLIBCXX_USE_CXX11_ABI=0 -D__CUDA_NO_HALF_OPERATORS__ -D__CUDA_NO_HALF_CONVERSIONS__ -D__CUDA_NO_BFLOAT16_CONVERSIONS__ -D__CUDA_NO_HALF2_OPERATORS__ --expt-relaxed-constexpr -gencode=arch=compute_70,code=compute_70 -gencode=arch=compute_70,code=sm_70 --compiler-options '-fPIC' -std=c++14 -c /zhome/ec/4/153964/.local/lib/python3.9/site-packages/difw/core/cpab_ops.cu -o cpab_ops.cuda.o 
[2/3] /appl/cuda/11.6.0/bin/nvcc  -DTORCH_EXTENSION_NAME=cpab_gpu -DTORCH_API_INCLUDE_EXTENSION_H -DPYBIND11_COMPILER_TYPE=\"_gcc\" -DPYBIND11_STDLIB=\"_libstdcpp\" -DPYBIND11_BUILD_ABI=\"_cxxabi1011\" -isystem /zhome/ec/4/153964/.local/lib/python3.9/site-packages/torch/include -isystem /zhome/ec/4/153964/.local/lib/python3.9/site-packages/torch/include/torch/csrc/api/include -isystem /zhome/ec/4/153964/.local/lib/python3.9/site-packages/torch/include/TH -isystem /zhome/ec/4/153964/.local/lib/python3.9/site-packages/torch/include/THC -isystem /appl/cuda/11.6.0/include -isystem /appl/python/3.9.11/include/python3.9 -D_GLIBCXX_USE_CXX11_ABI=0 -D__CUDA_NO_HALF_OPERATORS__ -D__CUDA_NO_HALF_CONVERSIONS__ -D__CUDA_NO_BFLOAT16_CONVERSIONS__ -D__CUDA_NO_HALF2_OPERATORS__ --expt-relaxed-constexpr -gencode=arch=compute_70,code=compute_70 -gencode=arch=compute_70,code=sm_70 --compiler-options '-fPIC' -std=c++14 -c /zhome/ec/4/153964/.local/lib/python3.9/site-packages/difw/backend/pytorch/transformer_cuda.cu -o transformer_cuda.cuda.o 
[3/3] c++ transformer_cuda.o transformer_cuda.cuda.o cpab_ops.cuda.o -shared -L/zhome/ec/4/153964/.local/lib/python3.9/site-packages/torch/lib -lc10 -lc10_cuda -ltorch_cpu -ltorch_cuda_cu -ltorch_cuda_cpp -ltorch -ltorch_python -L/appl/cuda/11.6.0/lib64 -lcudart -o cpab_gpu.so
Loading extension module cpab_gpu...
======================================================================
succesfully compiled gpu source
======================================================================
Fri Dec 23 08:23:24 2022       
+-----------------------------------------------------------------------------+
| NVIDIA-SMI 525.60.13    Driver Version: 525.60.13    CUDA Version: 12.0     |
|-------------------------------+----------------------+----------------------+
| GPU  Name        Persistence-M| Bus-Id        Disp.A | Volatile Uncorr. ECC |
| Fan  Temp  Perf  Pwr:Usage/Cap|         Memory-Usage | GPU-Util  Compute M. |
|                               |                      |               MIG M. |
|===============================+======================+======================|
|   0  Tesla V100-PCIE...  On   | 00000000:58:00.0 Off |                    0 |
| N/A   51C    P0    51W / 250W |      0MiB / 32768MiB |     33%   E. Process |
|                               |                      |                  N/A |
+-------------------------------+----------------------+----------------------+
                                                                               
+-----------------------------------------------------------------------------+
| Processes:                                                                  |
|  GPU   GI   CI        PID   Type   Process name                  GPU Memory |
|        ID   ID                                                   Usage      |
|=============================================================================|
|  No running processes found                                                 |
+-----------------------------------------------------------------------------+
/appl/cuda/11.6.0/samples/bin/x86_64/linux/release/deviceQuery Starting...

 CUDA Device Query (Runtime API) version (CUDART static linking)

Detected 1 CUDA Capable device(s)

Device 0: "Tesla V100-PCIE-32GB"
  CUDA Driver Version / Runtime Version          12.0 / 11.6
  CUDA Capability Major/Minor version number:    7.0
  Total amount of global memory:                 32501 MBytes (34079637504 bytes)
  (080) Multiprocessors, (064) CUDA Cores/MP:    5120 CUDA Cores
  GPU Max Clock rate:                            1380 MHz (1.38 GHz)
  Memory Clock rate:                             877 Mhz
  Memory Bus Width:                              4096-bit
  L2 Cache Size:                                 6291456 bytes
  Maximum Texture Dimension Size (x,y,z)         1D=(131072), 2D=(131072, 65536), 3D=(16384, 16384, 16384)
  Maximum Layered 1D Texture Size, (num) layers  1D=(32768), 2048 layers
  Maximum Layered 2D Texture Size, (num) layers  2D=(32768, 32768), 2048 layers
  Total amount of constant memory:               65536 bytes
  Total amount of shared memory per block:       49152 bytes
  Total shared memory per multiprocessor:        98304 bytes
  Total number of registers available per block: 65536
  Warp size:                                     32
  Maximum number of threads per multiprocessor:  2048
  Maximum number of threads per block:           1024
  Max dimension size of a thread block (x,y,z): (1024, 1024, 64)
  Max dimension size of a grid size    (x,y,z): (2147483647, 65535, 65535)
  Maximum memory pitch:                          2147483647 bytes
  Texture alignment:                             512 bytes
  Concurrent copy and kernel execution:          Yes with 7 copy engine(s)
  Run time limit on kernels:                     No
  Integrated GPU sharing Host Memory:            No
  Support host page-locked memory mapping:       Yes
  Alignment requirement for Surfaces:            Yes
  Device has ECC support:                        Enabled
  Device supports Unified Addressing (UVA):      Yes
  Device supports Managed Memory:                Yes
  Device supports Compute Preemption:            Yes
  Supports Cooperative Kernel Launch:            Yes
  Supports MultiDevice Co-op Kernel Launch:      Yes
  Device PCI Domain ID / Bus ID / location ID:   0 / 88 / 0
  Compute Mode:
     < Exclusive Process (many threads in one process is able to use ::cudaSetDevice() with this device) >

deviceQuery, CUDA Driver = CUDART, CUDA Driver Version = 12.0, CUDA Runtime Version = 11.6, NumDevs = 1
Result = PASS
